[Sat May 27 15:31:08 EDT 2017] INFO (OpenGG): Loading native libraries...
[Sat May 27 15:31:08 EDT 2017] INFO (OpenGG): LWJGL has been loaded
[Sat May 27 15:31:08 EDT 2017] INFO (OpenGG): OpenGG initializing, running on Windows 10, amd64
[Sat May 27 15:31:09 EDT 2017] INFO (OpenGG): Window generation successful, using OpenGL context version 4.1
[Sat May 27 15:31:09 EDT 2017] INFO (ShaderController): Default shaders loaded and validated
[Sat May 27 15:31:09 EDT 2017] INFO (ModelLoader): Loading model at E:\Users\Javier\Documents\NetBeansProjects\SimonsQuest3\SimonsQuest3\dist\resources\models\default\default.bmf...
[Sat May 27 15:31:09 EDT 2017] WARNING (ModelLoader): Failed to load model at E:\Users\Javier\Documents\NetBeansProjects\SimonsQuest3\SimonsQuest3\dist\resources\models\default\default.bmf, using default model instead
[Sat May 27 15:31:09 EDT 2017] INFO (OpenGG): Render engine initialized
[Sat May 27 15:31:09 EDT 2017] INFO (OpenGG): Audio controller initialized
[Sat May 27 15:31:09 EDT 2017] INFO (OpenGG): Application setup beginning
[Sat May 27 15:31:10 EDT 2017] INFO (ModelLoader): Loading model at E:\Users\Javier\Documents\NetBeansProjects\SimonsQuest3\SimonsQuest3\dist\resources\models\simon\simon.bmf...
[Sat May 27 15:31:10 EDT 2017] INFO (ModelLoader): Done Parsing E:\Users\Javier\Documents\NetBeansProjects\SimonsQuest3\SimonsQuest3\dist\resources\models\simon\simon.bmf, got simon
[Sat May 27 15:31:10 EDT 2017] INFO (ModelLoader): Loading model at E:\Users\Javier\Documents\NetBeansProjects\SimonsQuest3\SimonsQuest3\dist\resources\models\stormtrooper\stormtrooper.bmf...
[Sat May 27 15:31:10 EDT 2017] INFO (ModelLoader): Done Parsing E:\Users\Javier\Documents\NetBeansProjects\SimonsQuest3\SimonsQuest3\dist\resources\models\stormtrooper\stormtrooper.bmf, got stormtrooper
[Sat May 27 15:31:10 EDT 2017] INFO (Model): Drawable for simon has been requested, loading textures...
[Sat May 27 15:31:10 EDT 2017] INFO (Model): Drawable for stormtrooper has been requested, loading textures...
[Sat May 27 15:31:11 EDT 2017] INFO (OpenGG): Application setup complete
[Sat May 27 15:31:11 EDT 2017] ERROR (OpenGG): Uncaught exception: Divide by 0
[Sat May 27 15:31:11 EDT 2017] INFO (OpenGG): Render engine has finalized
[Sat May 27 15:31:11 EDT 2017] INFO (OpenGG): Audio controller has been finalized
[Sat May 27 15:31:11 EDT 2017] INFO (OpenGG): Thread Manager has closed all remaining threads
[Sat May 27 15:31:11 EDT 2017] INFO (OpenGG): OpenGG has closed gracefully, application can now be ended
OpenGG Engine Version: 0.0.1a1

System Information
Operating System: Windows 10
OS Architecture: amd64
Processor: Intel64 Family 6 Model 45 Stepping 7, GenuineIntel
CPU Count: 12

Java Information
Java Version: 1.8.0_112
JVM Name: Java HotSpot(TM) 64-Bit Server VM
JVM Vendor: Oracle Corporation
Maximum Runtime Memory: 3801088000
Used Runtime Memory: 257425408
Free Runtime Memory: 253398808
JVM CPU Availability: 12

Engine Information

OpenGL Information
GL Version: 4.1
GL Initialization: Initialized successfully

